# JRE version: Java(TM) SE Runtime Environment (8.0_191-b12) (build 1.8.0_191-b12)
# Java VM: Java HotSpot(TM) 64-Bit Server VM (25.191-b12 mixed mode windows-amd64 compressed oops)
Heap:
 PSYoungGen      total 217088K, used 23498K [0x00000000eb600000, 0x00000000fbc80000, 0x0000000100000000)
  eden space 204288K, 6% used [0x00000000eb600000,0x00000000ec371058,0x00000000f7d80000)
  from space 12800K, 76% used [0x00000000f7d80000,0x00000000f8701ad8,0x00000000f8a00000)
  to   space 13312K, 0% used [0x00000000faf80000,0x00000000faf80000,0x00000000fbc80000)
 ParOldGen       total 78336K, used 25635K [0x00000000c2200000, 0x00000000c6e80000, 0x00000000eb600000)
  object space 78336K, 32% used [0x00000000c2200000,0x00000000c3b08e40,0x00000000c6e80000)
 Metaspace       used 64308K, capacity 66672K, committed 66864K, reserved 1107968K
  class space    used 8777K, capacity 9218K, committed 9264K, reserved 1048576K
GC Heap History (10 events):
Event: 13.192 GC heap before
{Heap before GC invocations=14 (full 2):
 PSYoungGen      total 144896K, used 144891K [0x00000000eb600000, 0x00000000f7180000, 0x0000000100000000)
  eden space 134144K, 100% used [0x00000000eb600000,0x00000000f3900000,0x00000000f3900000)
  from space 10752K, 99% used [0x00000000f3900000,0x00000000f437ec50,0x00000000f4380000)
  to   space 12800K, 0% used [0x00000000f6500000,0x00000000f6500000,0x00000000f7180000)
 ParOldGen       total 55808K, used 18385K [0x00000000c2200000, 0x00000000c5880000, 0x00000000eb600000)
  object space 55808K, 32% used [0x00000000c2200000,0x00000000c33f4618,0x00000000c5880000)
 Metaspace       used 53991K, capacity 55348K, committed 55856K, reserved 1097728K
  class space    used 7373K, capacity 7660K, committed 7728K, reserved 1048576K
Event: 13.210 GC heap after
Heap after GC invocations=14 (full 2):
 PSYoungGen      total 177152K, used 9206K [0x00000000eb600000, 0x00000000f7100000, 0x0000000100000000)
  eden space 164864K, 0% used [0x00000000eb600000,0x00000000eb600000,0x00000000f5700000)
  from space 12288K, 74% used [0x00000000f6500000,0x00000000f6dfdb10,0x00000000f7100000)
  to   space 13312K, 0% used [0x00000000f5700000,0x00000000f5700000,0x00000000f6400000)
 ParOldGen       total 55808K, used 22616K [0x00000000c2200000, 0x00000000c5880000, 0x00000000eb600000)
  object space 55808K, 40% used [0x00000000c2200000,0x00000000c3816150,0x00000000c5880000)
 Metaspace       used 53991K, capacity 55348K, committed 55856K, reserved 1097728K
  class space    used 7373K, capacity 7660K, committed 7728K, reserved 1048576K
}
Event: 14.461 GC heap before
{Heap before GC invocations=15 (full 2):
 PSYoungGen      total 177152K, used 144811K [0x00000000eb600000, 0x00000000f7100000, 0x0000000100000000)
  eden space 164864K, 82% used [0x00000000eb600000,0x00000000f3a6d480,0x00000000f5700000)
  from space 12288K, 74% used [0x00000000f6500000,0x00000000f6dfdb10,0x00000000f7100000)
  to   space 13312K, 0% used [0x00000000f5700000,0x00000000f5700000,0x00000000f6400000)
 ParOldGen       total 55808K, used 22616K [0x00000000c2200000, 0x00000000c5880000, 0x00000000eb600000)
  object space 55808K, 40% used [0x00000000c2200000,0x00000000c3816150,0x00000000c5880000)
 Metaspace       used 57351K, capacity 59150K, committed 59160K, reserved 1099776K
  class space    used 7737K, capacity 8105K, committed 8112K, reserved 1048576K
Event: 14.496 GC heap after
Heap after GC invocations=15 (full 2):
 PSYoungGen      total 178176K, used 8496K [0x00000000eb600000, 0x00000000f9c80000, 0x0000000100000000)
  eden space 164864K, 0% used [0x00000000eb600000,0x00000000eb600000,0x00000000f5700000)
  from space 13312K, 63% used [0x00000000f5700000,0x00000000f5f4c3a8,0x00000000f6400000)
  to   space 13312K, 0% used [0x00000000f8f80000,0x00000000f8f80000,0x00000000f9c80000)
 ParOldGen       total 55808K, used 22624K [0x00000000c2200000, 0x00000000c5880000, 0x00000000eb600000)
  object space 55808K, 40% used [0x00000000c2200000,0x00000000c3818150,0x00000000c5880000)
 Metaspace       used 57351K, capacity 59150K, committed 59160K, reserved 1099776K
  class space    used 7737K, capacity 8105K, committed 8112K, reserved 1048576K
}
Event: 14.496 GC heap before
{Heap before GC invocations=16 (full 3):
 PSYoungGen      total 178176K, used 8496K [0x00000000eb600000, 0x00000000f9c80000, 0x0000000100000000)
  eden space 164864K, 0% used [0x00000000eb600000,0x00000000eb600000,0x00000000f5700000)
  from space 13312K, 63% used [0x00000000f5700000,0x00000000f5f4c3a8,0x00000000f6400000)
  to   space 13312K, 0% used [0x00000000f8f80000,0x00000000f8f80000,0x00000000f9c80000)
 ParOldGen       total 55808K, used 22624K [0x00000000c2200000, 0x00000000c5880000, 0x00000000eb600000)
  object space 55808K, 40% used [0x00000000c2200000,0x00000000c3818150,0x00000000c5880000)
 Metaspace       used 57351K, capacity 59150K, committed 59160K, reserved 1099776K
  class space    used 7737K, capacity 8105K, committed 8112K, reserved 1048576K
Event: 14.723 GC heap after
Heap after GC invocations=16 (full 3):
 PSYoungGen      total 178176K, used 0K [0x00000000eb600000, 0x00000000f9c80000, 0x0000000100000000)
  eden space 164864K, 0% used [0x00000000eb600000,0x00000000eb600000,0x00000000f5700000)
  from space 13312K, 0% used [0x00000000f5700000,0x00000000f5700000,0x00000000f6400000)
  to   space 13312K, 0% used [0x00000000f8f80000,0x00000000f8f80000,0x00000000f9c80000)
 ParOldGen       total 78336K, used 25619K [0x00000000c2200000, 0x00000000c6e80000, 0x00000000eb600000)
  object space 78336K, 32% used [0x00000000c2200000,0x00000000c3b04e40,0x00000000c6e80000)
 Metaspace       used 57351K, capacity 59150K, committed 59160K, reserved 1099776K
  class space    used 7737K, capacity 8105K, committed 8112K, reserved 1048576K
}
Event: 16.629 GC heap before
{Heap before GC invocations=17 (full 3):
 PSYoungGen      total 178176K, used 164864K [0x00000000eb600000, 0x00000000f9c80000, 0x0000000100000000)
  eden space 164864K, 100% used [0x00000000eb600000,0x00000000f5700000,0x00000000f5700000)
  from space 13312K, 0% used [0x00000000f5700000,0x00000000f5700000,0x00000000f6400000)
  to   space 13312K, 0% used [0x00000000f8f80000,0x00000000f8f80000,0x00000000f9c80000)
 ParOldGen       total 78336K, used 25619K [0x00000000c2200000, 0x00000000c6e80000, 0x00000000eb600000)
  object space 78336K, 32% used [0x00000000c2200000,0x00000000c3b04e40,0x00000000c6e80000)
 Metaspace       used 59853K, capacity 61850K, committed 62128K, reserved 1103872K
  class space    used 8154K, capacity 8531K, committed 8624K, reserved 1048576K
Event: 16.648 GC heap after
Heap after GC invocations=17 (full 3):
 PSYoungGen      total 207360K, used 6903K [0x00000000eb600000, 0x00000000f9680000, 0x0000000100000000)
  eden space 200192K, 0% used [0x00000000eb600000,0x00000000eb600000,0x00000000f7980000)
  from space 7168K, 96% used [0x00000000f8f80000,0x00000000f963dc08,0x00000000f9680000)
  to   space 12800K, 0% used [0x00000000f7d80000,0x00000000f7d80000,0x00000000f8a00000)
 ParOldGen       total 78336K, used 25627K [0x00000000c2200000, 0x00000000c6e80000, 0x00000000eb600000)
  object space 78336K, 32% used [0x00000000c2200000,0x00000000c3b06e40,0x00000000c6e80000)
 Metaspace       used 59853K, capacity 61850K, committed 62128K, reserved 1103872K
  class space    used 8154K, capacity 8531K, committed 8624K, reserved 1048576K
}
Event: 19.505 GC heap before
{Heap before GC invocations=18 (full 3):
 PSYoungGen      total 207360K, used 207095K [0x00000000eb600000, 0x00000000f9680000, 0x0000000100000000)
  eden space 200192K, 100% used [0x00000000eb600000,0x00000000f7980000,0x00000000f7980000)
  from space 7168K, 96% used [0x00000000f8f80000,0x00000000f963dc08,0x00000000f9680000)
  to   space 12800K, 0% used [0x00000000f7d80000,0x00000000f7d80000,0x00000000f8a00000)
 ParOldGen       total 78336K, used 25627K [0x00000000c2200000, 0x00000000c6e80000, 0x00000000eb600000)
  object space 78336K, 32% used [0x00000000c2200000,0x00000000c3b06e40,0x00000000c6e80000)
 Metaspace       used 63844K, capacity 66074K, committed 66352K, reserved 1105920K
  class space    used 8708K, capacity 9147K, committed 9264K, reserved 1048576K
Event: 19.540 GC heap after
Heap after GC invocations=18 (full 3):
 PSYoungGen      total 217088K, used 9734K [0x00000000eb600000, 0x00000000fbc80000, 0x0000000100000000)
  eden space 204288K, 0% used [0x00000000eb600000,0x00000000eb600000,0x00000000f7d80000)
  from space 12800K, 76% used [0x00000000f7d80000,0x00000000f8701ad8,0x00000000f8a00000)
  to   space 13312K, 0% used [0x00000000faf80000,0x00000000faf80000,0x00000000fbc80000)
 ParOldGen       total 78336K, used 25635K [0x00000000c2200000, 0x00000000c6e80000, 0x00000000eb600000)
  object space 78336K, 32% used [0x00000000c2200000,0x00000000c3b08e40,0x00000000c6e80000)
 Metaspace       used 63844K, capacity 66074K, committed 66352K, reserved 1105920K
  class space    used 8708K, capacity 9147K, committed 9264K, reserved 1048576K
}

