# JRE version: Java(TM) SE Runtime Environment (8.0_191-b12) (build 1.8.0_191-b12)
# Java VM: Java HotSpot(TM) 64-Bit Server VM (25.191-b12 mixed mode windows-amd64 compressed oops)
Heap:
 PSYoungGen      total 209408K, used 75233K [0x00000000eb600000, 0x00000000f9080000, 0x0000000100000000)
  eden space 195072K, 38% used [0x00000000eb600000,0x00000000eff787e8,0x00000000f7480000)
  from space 14336K, 0% used [0x00000000f7480000,0x00000000f7480000,0x00000000f8280000)
  to   space 12800K, 0% used [0x00000000f8380000,0x00000000f8380000,0x00000000f9000000)
 ParOldGen       total 70144K, used 24001K [0x00000000c2200000, 0x00000000c6680000, 0x00000000eb600000)
  object space 70144K, 34% used [0x00000000c2200000,0x00000000c3970600,0x00000000c6680000)
 Metaspace       used 58201K, capacity 60076K, committed 60336K, reserved 1101824K
  class space    used 7906K, capacity 8296K, committed 8368K, reserved 1048576K
GC Heap History (10 events):
Event: 10.881 GC heap before
{Heap before GC invocations=12 (full 2):
 PSYoungGen      total 157184K, used 8701K [0x00000000eb600000, 0x00000000f7300000, 0x0000000100000000)
  eden space 148480K, 0% used [0x00000000eb600000,0x00000000eb600000,0x00000000f4700000)
  from space 8704K, 99% used [0x00000000f5180000,0x00000000f59ff678,0x00000000f5a00000)
  to   space 10752K, 0% used [0x00000000f4700000,0x00000000f4700000,0x00000000f5180000)
 ParOldGen       total 33280K, used 12611K [0x00000000c2200000, 0x00000000c4280000, 0x00000000eb600000)
  object space 33280K, 37% used [0x00000000c2200000,0x00000000c2e50fb0,0x00000000c4280000)
 Metaspace       used 34143K, capacity 35304K, committed 35496K, reserved 1081344K
  class space    used 4332K, capacity 4580K, committed 4656K, reserved 1048576K
Event: 10.966 GC heap after
Heap after GC invocations=12 (full 2):
 PSYoungGen      total 157184K, used 0K [0x00000000eb600000, 0x00000000f7300000, 0x0000000100000000)
  eden space 148480K, 0% used [0x00000000eb600000,0x00000000eb600000,0x00000000f4700000)
  from space 8704K, 0% used [0x00000000f5180000,0x00000000f5180000,0x00000000f5a00000)
  to   space 10752K, 0% used [0x00000000f4700000,0x00000000f4700000,0x00000000f5180000)
 ParOldGen       total 50176K, used 16554K [0x00000000c2200000, 0x00000000c5300000, 0x00000000eb600000)
  object space 50176K, 32% used [0x00000000c2200000,0x00000000c322a9c0,0x00000000c5300000)
 Metaspace       used 34143K, capacity 35304K, committed 35496K, reserved 1081344K
  class space    used 4332K, capacity 4580K, committed 4656K, reserved 1048576K
}
Event: 13.319 GC heap before
{Heap before GC invocations=13 (full 2):
 PSYoungGen      total 157184K, used 148480K [0x00000000eb600000, 0x00000000f7300000, 0x0000000100000000)
  eden space 148480K, 100% used [0x00000000eb600000,0x00000000f4700000,0x00000000f4700000)
  from space 8704K, 0% used [0x00000000f5180000,0x00000000f5180000,0x00000000f5a00000)
  to   space 10752K, 0% used [0x00000000f4700000,0x00000000f4700000,0x00000000f5180000)
 ParOldGen       total 50176K, used 16554K [0x00000000c2200000, 0x00000000c5300000, 0x00000000eb600000)
  object space 50176K, 32% used [0x00000000c2200000,0x00000000c322a9c0,0x00000000c5300000)
 Metaspace       used 45793K, capacity 47080K, committed 47408K, reserved 1089536K
  class space    used 6068K, capacity 6354K, committed 6448K, reserved 1048576K
Event: 13.335 GC heap after
Heap after GC invocations=13 (full 2):
 PSYoungGen      total 159232K, used 10726K [0x00000000eb600000, 0x00000000f9000000, 0x0000000100000000)
  eden space 148480K, 0% used [0x00000000eb600000,0x00000000eb600000,0x00000000f4700000)
  from space 10752K, 99% used [0x00000000f4700000,0x00000000f5179b50,0x00000000f5180000)
  to   space 12800K, 0% used [0x00000000f8380000,0x00000000f8380000,0x00000000f9000000)
 ParOldGen       total 50176K, used 18724K [0x00000000c2200000, 0x00000000c5300000, 0x00000000eb600000)
  object space 50176K, 37% used [0x00000000c2200000,0x00000000c34490a0,0x00000000c5300000)
 Metaspace       used 45793K, capacity 47080K, committed 47408K, reserved 1089536K
  class space    used 6068K, capacity 6354K, committed 6448K, reserved 1048576K
}
Event: 15.684 GC heap before
{Heap before GC invocations=14 (full 2):
 PSYoungGen      total 159232K, used 159206K [0x00000000eb600000, 0x00000000f9000000, 0x0000000100000000)
  eden space 148480K, 100% used [0x00000000eb600000,0x00000000f4700000,0x00000000f4700000)
  from space 10752K, 99% used [0x00000000f4700000,0x00000000f5179b50,0x00000000f5180000)
  to   space 12800K, 0% used [0x00000000f8380000,0x00000000f8380000,0x00000000f9000000)
 ParOldGen       total 50176K, used 18724K [0x00000000c2200000, 0x00000000c5300000, 0x00000000eb600000)
  object space 50176K, 37% used [0x00000000c2200000,0x00000000c34490a0,0x00000000c5300000)
 Metaspace       used 56251K, capacity 57732K, committed 58160K, reserved 1099776K
  class space    used 7629K, capacity 7954K, committed 7984K, reserved 1048576K
Event: 15.706 GC heap after
Heap after GC invocations=14 (full 2):
 PSYoungGen      total 207872K, used 11310K [0x00000000eb600000, 0x00000000f9080000, 0x0000000100000000)
  eden space 195072K, 0% used [0x00000000eb600000,0x00000000eb600000,0x00000000f7480000)
  from space 12800K, 88% used [0x00000000f8380000,0x00000000f8e8bbb0,0x00000000f9000000)
  to   space 14336K, 0% used [0x00000000f7480000,0x00000000f7480000,0x00000000f8280000)
 ParOldGen       total 50176K, used 23137K [0x00000000c2200000, 0x00000000c5300000, 0x00000000eb600000)
  object space 50176K, 46% used [0x00000000c2200000,0x00000000c3898738,0x00000000c5300000)
 Metaspace       used 56251K, capacity 57732K, committed 58160K, reserved 1099776K
  class space    used 7629K, capacity 7954K, committed 7984K, reserved 1048576K
}
Event: 16.478 GC heap before
{Heap before GC invocations=15 (full 2):
 PSYoungGen      total 207872K, used 116154K [0x00000000eb600000, 0x00000000f9080000, 0x0000000100000000)
  eden space 195072K, 53% used [0x00000000eb600000,0x00000000f1c62ff0,0x00000000f7480000)
  from space 12800K, 88% used [0x00000000f8380000,0x00000000f8e8bbb0,0x00000000f9000000)
  to   space 14336K, 0% used [0x00000000f7480000,0x00000000f7480000,0x00000000f8280000)
 ParOldGen       total 50176K, used 23137K [0x00000000c2200000, 0x00000000c5300000, 0x00000000eb600000)
  object space 50176K, 46% used [0x00000000c2200000,0x00000000c3898738,0x00000000c5300000)
 Metaspace       used 57378K, capacity 59134K, committed 59160K, reserved 1099776K
  class space    used 7743K, capacity 8101K, committed 8112K, reserved 1048576K
Event: 16.493 GC heap after
Heap after GC invocations=15 (full 2):
 PSYoungGen      total 209408K, used 3024K [0x00000000eb600000, 0x00000000f9080000, 0x0000000100000000)
  eden space 195072K, 0% used [0x00000000eb600000,0x00000000eb600000,0x00000000f7480000)
  from space 14336K, 21% used [0x00000000f7480000,0x00000000f77740c0,0x00000000f8280000)
  to   space 12800K, 0% used [0x00000000f8380000,0x00000000f8380000,0x00000000f9000000)
 ParOldGen       total 50176K, used 26741K [0x00000000c2200000, 0x00000000c5300000, 0x00000000eb600000)
  object space 50176K, 53% used [0x00000000c2200000,0x00000000c3c1d778,0x00000000c5300000)
 Metaspace       used 57378K, capacity 59134K, committed 59160K, reserved 1099776K
  class space    used 7743K, capacity 8101K, committed 8112K, reserved 1048576K
}
Event: 16.493 GC heap before
{Heap before GC invocations=16 (full 3):
 PSYoungGen      total 209408K, used 3024K [0x00000000eb600000, 0x00000000f9080000, 0x0000000100000000)
  eden space 195072K, 0% used [0x00000000eb600000,0x00000000eb600000,0x00000000f7480000)
  from space 14336K, 21% used [0x00000000f7480000,0x00000000f77740c0,0x00000000f8280000)
  to   space 12800K, 0% used [0x00000000f8380000,0x00000000f8380000,0x00000000f9000000)
 ParOldGen       total 50176K, used 26741K [0x00000000c2200000, 0x00000000c5300000, 0x00000000eb600000)
  object space 50176K, 53% used [0x00000000c2200000,0x00000000c3c1d778,0x00000000c5300000)
 Metaspace       used 57378K, capacity 59134K, committed 59160K, reserved 1099776K
  class space    used 7743K, capacity 8101K, committed 8112K, reserved 1048576K
Event: 16.743 GC heap after
Heap after GC invocations=16 (full 3):
 PSYoungGen      total 209408K, used 0K [0x00000000eb600000, 0x00000000f9080000, 0x0000000100000000)
  eden space 195072K, 0% used [0x00000000eb600000,0x00000000eb600000,0x00000000f7480000)
  from space 14336K, 0% used [0x00000000f7480000,0x00000000f7480000,0x00000000f8280000)
  to   space 12800K, 0% used [0x00000000f8380000,0x00000000f8380000,0x00000000f9000000)
 ParOldGen       total 70144K, used 24001K [0x00000000c2200000, 0x00000000c6680000, 0x00000000eb600000)
  object space 70144K, 34% used [0x00000000c2200000,0x00000000c3970600,0x00000000c6680000)
 Metaspace       used 57378K, capacity 59134K, committed 59160K, reserved 1099776K
  class space    used 7743K, capacity 8101K, committed 8112K, reserved 1048576K
}

